[2025-03-02 06:14:18] local.ERROR: View [welcome] not found. {"exception":"[object] (InvalidArgumentException(code: 0): View [welcome] not found. at C:\\Users\\appfi\\OneDrive\\Desktop\\Guiddini\\Filament\\eDrahmi\\vendor\\laravel\\framework\\src\\Illuminate\\View\\FileViewFinder.php:139)
[stacktrace]
#0 C:\\Users\\appfi\\OneDrive\\Desktop\\Guiddini\\Filament\\eDrahmi\\vendor\\laravel\\framework\\src\\Illuminate\\View\\FileViewFinder.php(79): Illuminate\\View\\FileViewFinder->findInPaths('welcome', Array)
#1 C:\\Users\\appfi\\OneDrive\\Desktop\\Guiddini\\Filament\\eDrahmi\\vendor\\laravel\\framework\\src\\Illuminate\\View\\Factory.php(151): Illuminate\\View\\FileViewFinder->find('welcome')
#2 C:\\Users\\appfi\\OneDrive\\Desktop\\Guiddini\\Filament\\eDrahmi\\vendor\\laravel\\framework\\src\\Illuminate\\Foundation\\helpers.php(1062): Illuminate\\View\\Factory->make('welcome', Array, Array)
#3 C:\\Users\\appfi\\OneDrive\\Desktop\\Guiddini\\Filament\\eDrahmi\\routes\\web.php(10): view('welcome')
#4 C:\\Users\\appfi\\OneDrive\\Desktop\\Guiddini\\Filament\\eDrahmi\\vendor\\laravel\\framework\\src\\Illuminate\\Routing\\CallableDispatcher.php(40): Illuminate\\Routing\\RouteFileRegistrar->{closure}()
#5 C:\\Users\\appfi\\OneDrive\\Desktop\\Guiddini\\Filament\\eDrahmi\\vendor\\laravel\\framework\\src\\Illuminate\\Routing\\Route.php(244): Illuminate\\Routing\\CallableDispatcher->dispatch(Object(Illuminate\\Routing\\Route), Object(Closure))
#6 C:\\Users\\appfi\\OneDrive\\Desktop\\Guiddini\\Filament\\eDrahmi\\vendor\\laravel\\framework\\src\\Illuminate\\Routing\\Route.php(215): Illuminate\\Routing\\Route->runCallable()
#7 C:\\Users\\appfi\\OneDrive\\Desktop\\Guiddini\\Filament\\eDrahmi\\vendor\\laravel\\framework\\src\\Illuminate\\Routing\\Router.php(808): Illuminate\\Routing\\Route->run()
#8 C:\\Users\\appfi\\OneDrive\\Desktop\\Guiddini\\Filament\\eDrahmi\\vendor\\laravel\\framework\\src\\Illuminate\\Pipeline\\Pipeline.php(170): Illuminate\\Routing\\Router->Illuminate\\Routing\\{closure}(Object(Illuminate\\Http\\Request))
#9 C:\\Users\\appfi\\OneDrive\\Desktop\\Guiddini\\Filament\\eDrahmi\\vendor\\laravel\\framework\\src\\Illuminate\\Routing\\Middleware\\SubstituteBindings.php(51): Illuminate\\Pipeline\\Pipeline->Illuminate\\Pipeline\\{closure}(Object(Illuminate\\Http\\Request))
#10 C:\\Users\\appfi\\OneDrive\\Desktop\\Guiddini\\Filament\\eDrahmi\\vendor\\laravel\\framework\\src\\Illuminate\\Pipeline\\Pipeline.php(209): Illuminate\\Routing\\Middleware\\SubstituteBindings->handle(Object(Illuminate\\Http\\Request), Object(Closure))
#11 C:\\Users\\appfi\\OneDrive\\Desktop\\Guiddini\\Filament\\eDrahmi\\vendor\\laravel\\framework\\src\\Illuminate\\Foundation\\Http\\Middleware\\VerifyCsrfToken.php(88): Illuminate\\Pipeline\\Pipeline->Illuminate\\Pipeline\\{closure}(Object(Illuminate\\Http\\Request))
#12 C:\\Users\\appfi\\OneDrive\\Desktop\\Guiddini\\Filament\\eDrahmi\\vendor\\laravel\\framework\\src\\Illuminate\\Pipeline\\Pipeline.php(209): Illuminate\\Foundation\\Http\\Middleware\\VerifyCsrfToken->handle(Object(Illuminate\\Http\\Request), Object(Closure))
#13 C:\\Users\\appfi\\OneDrive\\Desktop\\Guiddini\\Filament\\eDrahmi\\vendor\\laravel\\framework\\src\\Illuminate\\View\\Middleware\\ShareErrorsFromSession.php(49): Illuminate\\Pipeline\\Pipeline->Illuminate\\Pipeline\\{closure}(Object(Illuminate\\Http\\Request))
#14 C:\\Users\\appfi\\OneDrive\\Desktop\\Guiddini\\Filament\\eDrahmi\\vendor\\laravel\\framework\\src\\Illuminate\\Pipeline\\Pipeline.php(209): Illuminate\\View\\Middleware\\ShareErrorsFromSession->handle(Object(Illuminate\\Http\\Request), Object(Closure))
#15 C:\\Users\\appfi\\OneDrive\\Desktop\\Guiddini\\Filament\\eDrahmi\\vendor\\laravel\\framework\\src\\Illuminate\\Session\\Middleware\\StartSession.php(121): Illuminate\\Pipeline\\Pipeline->Illuminate\\Pipeline\\{closure}(Object(Illuminate\\Http\\Request))
#16 C:\\Users\\appfi\\OneDrive\\Desktop\\Guiddini\\Filament\\eDrahmi\\vendor\\laravel\\framework\\src\\Illuminate\\Session\\Middleware\\StartSession.php(64): Illuminate\\Session\\Middleware\\StartSession->handleStatefulRequest(Object(Illuminate\\Http\\Request), Object(Illuminate\\Session\\Store), Object(Closure))
#17 C:\\Users\\appfi\\OneDrive\\Desktop\\Guiddini\\Filament\\eDrahmi\\vendor\\laravel\\framework\\src\\Illuminate\\Pipeline\\Pipeline.php(209): Illuminate\\Session\\Middleware\\StartSession->handle(Object(Illuminate\\Http\\Request), Object(Closure))
#18 C:\\Users\\appfi\\OneDrive\\Desktop\\Guiddini\\Filament\\eDrahmi\\vendor\\laravel\\framework\\src\\Illuminate\\Cookie\\Middleware\\AddQueuedCookiesToResponse.php(37): Illuminate\\Pipeline\\Pipeline->Illuminate\\Pipeline\\{closure}(Object(Illuminate\\Http\\Request))
#19 C:\\Users\\appfi\\OneDrive\\Desktop\\Guiddini\\Filament\\eDrahmi\\vendor\\laravel\\framework\\src\\Illuminate\\Pipeline\\Pipeline.php(209): Illuminate\\Cookie\\Middleware\\AddQueuedCookiesToResponse->handle(Object(Illuminate\\Http\\Request), Object(Closure))
#20 C:\\Users\\appfi\\OneDrive\\Desktop\\Guiddini\\Filament\\eDrahmi\\vendor\\laravel\\framework\\src\\Illuminate\\Cookie\\Middleware\\EncryptCookies.php(75): Illuminate\\Pipeline\\Pipeline->Illuminate\\Pipeline\\{closure}(Object(Illuminate\\Http\\Request))
#21 C:\\Users\\appfi\\OneDrive\\Desktop\\Guiddini\\Filament\\eDrahmi\\vendor\\laravel\\framework\\src\\Illuminate\\Pipeline\\Pipeline.php(209): Illuminate\\Cookie\\Middleware\\EncryptCookies->handle(Object(Illuminate\\Http\\Request), Object(Closure))
#22 C:\\Users\\appfi\\OneDrive\\Desktop\\Guiddini\\Filament\\eDrahmi\\vendor\\laravel\\framework\\src\\Illuminate\\Pipeline\\Pipeline.php(127): Illuminate\\Pipeline\\Pipeline->Illuminate\\Pipeline\\{closure}(Object(Illuminate\\Http\\Request))
#23 C:\\Users\\appfi\\OneDrive\\Desktop\\Guiddini\\Filament\\eDrahmi\\vendor\\laravel\\framework\\src\\Illuminate\\Routing\\Router.php(807): Illuminate\\Pipeline\\Pipeline->then(Object(Closure))
#24 C:\\Users\\appfi\\OneDrive\\Desktop\\Guiddini\\Filament\\eDrahmi\\vendor\\laravel\\framework\\src\\Illuminate\\Routing\\Router.php(786): Illuminate\\Routing\\Router->runRouteWithinStack(Object(Illuminate\\Routing\\Route), Object(Illuminate\\Http\\Request))
#25 C:\\Users\\appfi\\OneDrive\\Desktop\\Guiddini\\Filament\\eDrahmi\\vendor\\laravel\\framework\\src\\Illuminate\\Routing\\Router.php(750): Illuminate\\Routing\\Router->runRoute(Object(Illuminate\\Http\\Request), Object(Illuminate\\Routing\\Route))
#26 C:\\Users\\appfi\\OneDrive\\Desktop\\Guiddini\\Filament\\eDrahmi\\vendor\\laravel\\framework\\src\\Illuminate\\Routing\\Router.php(739): Illuminate\\Routing\\Router->dispatchToRoute(Object(Illuminate\\Http\\Request))
#27 C:\\Users\\appfi\\OneDrive\\Desktop\\Guiddini\\Filament\\eDrahmi\\vendor\\laravel\\framework\\src\\Illuminate\\Foundation\\Http\\Kernel.php(201): Illuminate\\Routing\\Router->dispatch(Object(Illuminate\\Http\\Request))
#28 C:\\Users\\appfi\\OneDrive\\Desktop\\Guiddini\\Filament\\eDrahmi\\vendor\\laravel\\framework\\src\\Illuminate\\Pipeline\\Pipeline.php(170): Illuminate\\Foundation\\Http\\Kernel->Illuminate\\Foundation\\Http\\{closure}(Object(Illuminate\\Http\\Request))
#29 C:\\Users\\appfi\\OneDrive\\Desktop\\Guiddini\\Filament\\eDrahmi\\vendor\\livewire\\livewire\\src\\Features\\SupportDisablingBackButtonCache\\DisableBackButtonCacheMiddleware.php(19): Illuminate\\Pipeline\\Pipeline->Illuminate\\Pipeline\\{closure}(Object(Illuminate\\Http\\Request))
#30 C:\\Users\\appfi\\OneDrive\\Desktop\\Guiddini\\Filament\\eDrahmi\\vendor\\laravel\\framework\\src\\Illuminate\\Pipeline\\Pipeline.php(209): Livewire\\Features\\SupportDisablingBackButtonCache\\DisableBackButtonCacheMiddleware->handle(Object(Illuminate\\Http\\Request), Object(Closure))
#31 C:\\Users\\appfi\\OneDrive\\Desktop\\Guiddini\\Filament\\eDrahmi\\vendor\\laravel\\framework\\src\\Illuminate\\Foundation\\Http\\Middleware\\TransformsRequest.php(21): Illuminate\\Pipeline\\Pipeline->Illuminate\\Pipeline\\{closure}(Object(Illuminate\\Http\\Request))
#32 C:\\Users\\appfi\\OneDrive\\Desktop\\Guiddini\\Filament\\eDrahmi\\vendor\\laravel\\framework\\src\\Illuminate\\Foundation\\Http\\Middleware\\ConvertEmptyStringsToNull.php(31): Illuminate\\Foundation\\Http\\Middleware\\TransformsRequest->handle(Object(Illuminate\\Http\\Request), Object(Closure))
#33 C:\\Users\\appfi\\OneDrive\\Desktop\\Guiddini\\Filament\\eDrahmi\\vendor\\laravel\\framework\\src\\Illuminate\\Pipeline\\Pipeline.php(209): Illuminate\\Foundation\\Http\\Middleware\\ConvertEmptyStringsToNull->handle(Object(Illuminate\\Http\\Request), Object(Closure))
#34 C:\\Users\\appfi\\OneDrive\\Desktop\\Guiddini\\Filament\\eDrahmi\\vendor\\laravel\\framework\\src\\Illuminate\\Foundation\\Http\\Middleware\\TransformsRequest.php(21): Illuminate\\Pipeline\\Pipeline->Illuminate\\Pipeline\\{closure}(Object(Illuminate\\Http\\Request))
#35 C:\\Users\\appfi\\OneDrive\\Desktop\\Guiddini\\Filament\\eDrahmi\\vendor\\laravel\\framework\\src\\Illuminate\\Foundation\\Http\\Middleware\\TrimStrings.php(51): Illuminate\\Foundation\\Http\\Middleware\\TransformsRequest->handle(Object(Illuminate\\Http\\Request), Object(Closure))
#36 C:\\Users\\appfi\\OneDrive\\Desktop\\Guiddini\\Filament\\eDrahmi\\vendor\\laravel\\framework\\src\\Illuminate\\Pipeline\\Pipeline.php(209): Illuminate\\Foundation\\Http\\Middleware\\TrimStrings->handle(Object(Illuminate\\Http\\Request), Object(Closure))
#37 C:\\Users\\appfi\\OneDrive\\Desktop\\Guiddini\\Filament\\eDrahmi\\vendor\\laravel\\framework\\src\\Illuminate\\Http\\Middleware\\ValidatePostSize.php(27): Illuminate\\Pipeline\\Pipeline->Illuminate\\Pipeline\\{closure}(Object(Illuminate\\Http\\Request))
#38 C:\\Users\\appfi\\OneDrive\\Desktop\\Guiddini\\Filament\\eDrahmi\\vendor\\laravel\\framework\\src\\Illuminate\\Pipeline\\Pipeline.php(209): Illuminate\\Http\\Middleware\\ValidatePostSize->handle(Object(Illuminate\\Http\\Request), Object(Closure))
#39 C:\\Users\\appfi\\OneDrive\\Desktop\\Guiddini\\Filament\\eDrahmi\\vendor\\laravel\\framework\\src\\Illuminate\\Foundation\\Http\\Middleware\\PreventRequestsDuringMaintenance.php(110): Illuminate\\Pipeline\\Pipeline->Illuminate\\Pipeline\\{closure}(Object(Illuminate\\Http\\Request))
#40 C:\\Users\\appfi\\OneDrive\\Desktop\\Guiddini\\Filament\\eDrahmi\\vendor\\laravel\\framework\\src\\Illuminate\\Pipeline\\Pipeline.php(209): Illuminate\\Foundation\\Http\\Middleware\\PreventRequestsDuringMaintenance->handle(Object(Illuminate\\Http\\Request), Object(Closure))
#41 C:\\Users\\appfi\\OneDrive\\Desktop\\Guiddini\\Filament\\eDrahmi\\vendor\\laravel\\framework\\src\\Illuminate\\Http\\Middleware\\HandleCors.php(49): Illuminate\\Pipeline\\Pipeline->Illuminate\\Pipeline\\{closure}(Object(Illuminate\\Http\\Request))
#42 C:\\Users\\appfi\\OneDrive\\Desktop\\Guiddini\\Filament\\eDrahmi\\vendor\\laravel\\framework\\src\\Illuminate\\Pipeline\\Pipeline.php(209): Illuminate\\Http\\Middleware\\HandleCors->handle(Object(Illuminate\\Http\\Request), Object(Closure))
#43 C:\\Users\\appfi\\OneDrive\\Desktop\\Guiddini\\Filament\\eDrahmi\\vendor\\laravel\\framework\\src\\Illuminate\\Http\\Middleware\\TrustProxies.php(58): Illuminate\\Pipeline\\Pipeline->Illuminate\\Pipeline\\{closure}(Object(Illuminate\\Http\\Request))
#44 C:\\Users\\appfi\\OneDrive\\Desktop\\Guiddini\\Filament\\eDrahmi\\vendor\\laravel\\framework\\src\\Illuminate\\Pipeline\\Pipeline.php(209): Illuminate\\Http\\Middleware\\TrustProxies->handle(Object(Illuminate\\Http\\Request), Object(Closure))
#45 C:\\Users\\appfi\\OneDrive\\Desktop\\Guiddini\\Filament\\eDrahmi\\vendor\\laravel\\framework\\src\\Illuminate\\Foundation\\Http\\Middleware\\InvokeDeferredCallbacks.php(22): Illuminate\\Pipeline\\Pipeline->Illuminate\\Pipeline\\{closure}(Object(Illuminate\\Http\\Request))
#46 C:\\Users\\appfi\\OneDrive\\Desktop\\Guiddini\\Filament\\eDrahmi\\vendor\\laravel\\framework\\src\\Illuminate\\Pipeline\\Pipeline.php(209): Illuminate\\Foundation\\Http\\Middleware\\InvokeDeferredCallbacks->handle(Object(Illuminate\\Http\\Request), Object(Closure))
#47 C:\\Users\\appfi\\OneDrive\\Desktop\\Guiddini\\Filament\\eDrahmi\\vendor\\laravel\\framework\\src\\Illuminate\\Pipeline\\Pipeline.php(127): Illuminate\\Pipeline\\Pipeline->Illuminate\\Pipeline\\{closure}(Object(Illuminate\\Http\\Request))
#48 C:\\Users\\appfi\\OneDrive\\Desktop\\Guiddini\\Filament\\eDrahmi\\vendor\\laravel\\framework\\src\\Illuminate\\Foundation\\Http\\Kernel.php(176): Illuminate\\Pipeline\\Pipeline->then(Object(Closure))
#49 C:\\Users\\appfi\\OneDrive\\Desktop\\Guiddini\\Filament\\eDrahmi\\vendor\\laravel\\framework\\src\\Illuminate\\Foundation\\Http\\Kernel.php(145): Illuminate\\Foundation\\Http\\Kernel->sendRequestThroughRouter(Object(Illuminate\\Http\\Request))
#50 C:\\Users\\appfi\\OneDrive\\Desktop\\Guiddini\\Filament\\eDrahmi\\vendor\\laravel\\framework\\src\\Illuminate\\Foundation\\Application.php(1216): Illuminate\\Foundation\\Http\\Kernel->handle(Object(Illuminate\\Http\\Request))
#51 C:\\Users\\appfi\\OneDrive\\Desktop\\Guiddini\\Filament\\eDrahmi\\public\\index.php(17): Illuminate\\Foundation\\Application->handleRequest(Object(Illuminate\\Http\\Request))
#52 C:\\Users\\appfi\\OneDrive\\Desktop\\Guiddini\\Filament\\eDrahmi\\vendor\\laravel\\framework\\src\\Illuminate\\Foundation\\resources\\server.php(23): require_once('C:\\\\Users\\\\appfi\\\\...')
#53 {main}
"} 
[2025-03-04 09:32:40] local.ERROR: Command "add_columns_to_trasactions_table" is not defined. {"exception":"[object] (Symfony\\Component\\Console\\Exception\\CommandNotFoundException(code: 0): Command \"add_columns_to_trasactions_table\" is not defined. at C:\\Users\\appfi\\OneDrive\\Desktop\\Guiddini\\Filament\\eDrahmi\\vendor\\symfony\\console\\Application.php:726)
[stacktrace]
#0 C:\\Users\\appfi\\OneDrive\\Desktop\\Guiddini\\Filament\\eDrahmi\\vendor\\symfony\\console\\Application.php(284): Symfony\\Component\\Console\\Application->find('add_columns_to_...')
#1 C:\\Users\\appfi\\OneDrive\\Desktop\\Guiddini\\Filament\\eDrahmi\\vendor\\symfony\\console\\Application.php(193): Symfony\\Component\\Console\\Application->doRun(Object(Symfony\\Component\\Console\\Input\\ArgvInput), Object(Symfony\\Component\\Console\\Output\\ConsoleOutput))
#2 C:\\Users\\appfi\\OneDrive\\Desktop\\Guiddini\\Filament\\eDrahmi\\vendor\\laravel\\framework\\src\\Illuminate\\Foundation\\Console\\Kernel.php(198): Symfony\\Component\\Console\\Application->run(Object(Symfony\\Component\\Console\\Input\\ArgvInput), Object(Symfony\\Component\\Console\\Output\\ConsoleOutput))
#3 C:\\Users\\appfi\\OneDrive\\Desktop\\Guiddini\\Filament\\eDrahmi\\vendor\\laravel\\framework\\src\\Illuminate\\Foundation\\Application.php(1231): Illuminate\\Foundation\\Console\\Kernel->handle(Object(Symfony\\Component\\Console\\Input\\ArgvInput), Object(Symfony\\Component\\Console\\Output\\ConsoleOutput))
#4 C:\\Users\\appfi\\OneDrive\\Desktop\\Guiddini\\Filament\\eDrahmi\\artisan(13): Illuminate\\Foundation\\Application->handleCommand(Object(Symfony\\Component\\Console\\Input\\ArgvInput))
#5 {main}
"} 
[2025-03-04 09:36:18] local.ERROR: SQLSTATE[42S02]: Base table or view not found: 1146 Table 'edrahmi.trasactions' doesn't exist (Connection: mysql, SQL: alter table `trasactions` add `svfe_response` varchar(191) null) {"exception":"[object] (Illuminate\\Database\\QueryException(code: 42S02): SQLSTATE[42S02]: Base table or view not found: 1146 Table 'edrahmi.trasactions' doesn't exist (Connection: mysql, SQL: alter table `trasactions` add `svfe_response` varchar(191) null) at C:\\Users\\appfi\\OneDrive\\Desktop\\Guiddini\\Filament\\eDrahmi\\vendor\\laravel\\framework\\src\\Illuminate\\Database\\Connection.php:825)
[stacktrace]
#0 C:\\Users\\appfi\\OneDrive\\Desktop\\Guiddini\\Filament\\eDrahmi\\vendor\\laravel\\framework\\src\\Illuminate\\Database\\Connection.php(779): Illuminate\\Database\\Connection->runQueryCallback('alter table `tr...', Array, Object(Closure))
#1 C:\\Users\\appfi\\OneDrive\\Desktop\\Guiddini\\Filament\\eDrahmi\\vendor\\laravel\\framework\\src\\Illuminate\\Database\\Connection.php(560): Illuminate\\Database\\Connection->run('alter table `tr...', Array, Object(Closure))
#2 C:\\Users\\appfi\\OneDrive\\Desktop\\Guiddini\\Filament\\eDrahmi\\vendor\\laravel\\framework\\src\\Illuminate\\Database\\Schema\\Blueprint.php(118): Illuminate\\Database\\Connection->statement('alter table `tr...')
#3 C:\\Users\\appfi\\OneDrive\\Desktop\\Guiddini\\Filament\\eDrahmi\\vendor\\laravel\\framework\\src\\Illuminate\\Database\\Schema\\Builder.php(564): Illuminate\\Database\\Schema\\Blueprint->build(Object(Illuminate\\Database\\MySqlConnection), Object(Illuminate\\Database\\Schema\\Grammars\\MySqlGrammar))
#4 C:\\Users\\appfi\\OneDrive\\Desktop\\Guiddini\\Filament\\eDrahmi\\vendor\\laravel\\framework\\src\\Illuminate\\Database\\Schema\\Builder.php(406): Illuminate\\Database\\Schema\\Builder->build(Object(Illuminate\\Database\\Schema\\Blueprint))
#5 C:\\Users\\appfi\\OneDrive\\Desktop\\Guiddini\\Filament\\eDrahmi\\vendor\\laravel\\framework\\src\\Illuminate\\Support\\Facades\\Facade.php(361): Illuminate\\Database\\Schema\\Builder->table('trasactions', Object(Closure))
#6 C:\\Users\\appfi\\OneDrive\\Desktop\\Guiddini\\Filament\\eDrahmi\\database\\migrations\\2025_03_04_093247_add_columns_to_trasactions_table.php(14): Illuminate\\Support\\Facades\\Facade::__callStatic('table', Array)
#7 C:\\Users\\appfi\\OneDrive\\Desktop\\Guiddini\\Filament\\eDrahmi\\vendor\\laravel\\framework\\src\\Illuminate\\Database\\Migrations\\Migrator.php(484): Illuminate\\Database\\Migrations\\Migration@anonymous->up()
#8 C:\\Users\\appfi\\OneDrive\\Desktop\\Guiddini\\Filament\\eDrahmi\\vendor\\laravel\\framework\\src\\Illuminate\\Database\\Migrations\\Migrator.php(409): Illuminate\\Database\\Migrations\\Migrator->runMethod(Object(Illuminate\\Database\\MySqlConnection), Object(Illuminate\\Database\\Migrations\\Migration@anonymous), 'up')
#9 C:\\Users\\appfi\\OneDrive\\Desktop\\Guiddini\\Filament\\eDrahmi\\vendor\\laravel\\framework\\src\\Illuminate\\Database\\Migrations\\Migrator.php(418): Illuminate\\Database\\Migrations\\Migrator->Illuminate\\Database\\Migrations\\{closure}()
#10 C:\\Users\\appfi\\OneDrive\\Desktop\\Guiddini\\Filament\\eDrahmi\\vendor\\laravel\\framework\\src\\Illuminate\\Database\\Migrations\\Migrator.php(221): Illuminate\\Database\\Migrations\\Migrator->runMigration(Object(Illuminate\\Database\\Migrations\\Migration@anonymous), 'up')
#11 C:\\Users\\appfi\\OneDrive\\Desktop\\Guiddini\\Filament\\eDrahmi\\vendor\\laravel\\framework\\src\\Illuminate\\Console\\View\\Components\\Task.php(40): Illuminate\\Database\\Migrations\\Migrator->Illuminate\\Database\\Migrations\\{closure}()
#12 C:\\Users\\appfi\\OneDrive\\Desktop\\Guiddini\\Filament\\eDrahmi\\vendor\\laravel\\framework\\src\\Illuminate\\Database\\Migrations\\Migrator.php(764): Illuminate\\Console\\View\\Components\\Task->render('2025_03_04_0932...', Object(Closure))
#13 C:\\Users\\appfi\\OneDrive\\Desktop\\Guiddini\\Filament\\eDrahmi\\vendor\\laravel\\framework\\src\\Illuminate\\Database\\Migrations\\Migrator.php(221): Illuminate\\Database\\Migrations\\Migrator->write('Illuminate\\\\Cons...', '2025_03_04_0932...', Object(Closure))
#14 C:\\Users\\appfi\\OneDrive\\Desktop\\Guiddini\\Filament\\eDrahmi\\vendor\\laravel\\framework\\src\\Illuminate\\Database\\Migrations\\Migrator.php(188): Illuminate\\Database\\Migrations\\Migrator->runUp('C:\\\\Users\\\\appfi\\\\...', 5, false)
#15 C:\\Users\\appfi\\OneDrive\\Desktop\\Guiddini\\Filament\\eDrahmi\\vendor\\laravel\\framework\\src\\Illuminate\\Database\\Migrations\\Migrator.php(131): Illuminate\\Database\\Migrations\\Migrator->runPending(Array, Array)
#16 C:\\Users\\appfi\\OneDrive\\Desktop\\Guiddini\\Filament\\eDrahmi\\vendor\\laravel\\framework\\src\\Illuminate\\Database\\Console\\Migrations\\MigrateCommand.php(117): Illuminate\\Database\\Migrations\\Migrator->run(Array, Array)
#17 C:\\Users\\appfi\\OneDrive\\Desktop\\Guiddini\\Filament\\eDrahmi\\vendor\\laravel\\framework\\src\\Illuminate\\Database\\Migrations\\Migrator.php(624): Illuminate\\Database\\Console\\Migrations\\MigrateCommand->Illuminate\\Database\\Console\\Migrations\\{closure}()
#18 C:\\Users\\appfi\\OneDrive\\Desktop\\Guiddini\\Filament\\eDrahmi\\vendor\\laravel\\framework\\src\\Illuminate\\Database\\Console\\Migrations\\MigrateCommand.php(110): Illuminate\\Database\\Migrations\\Migrator->usingConnection(NULL, Object(Closure))
#19 C:\\Users\\appfi\\OneDrive\\Desktop\\Guiddini\\Filament\\eDrahmi\\vendor\\laravel\\framework\\src\\Illuminate\\Database\\Console\\Migrations\\MigrateCommand.php(89): Illuminate\\Database\\Console\\Migrations\\MigrateCommand->runMigrations()
#20 C:\\Users\\appfi\\OneDrive\\Desktop\\Guiddini\\Filament\\eDrahmi\\vendor\\laravel\\framework\\src\\Illuminate\\Container\\BoundMethod.php(36): Illuminate\\Database\\Console\\Migrations\\MigrateCommand->handle()
#21 C:\\Users\\appfi\\OneDrive\\Desktop\\Guiddini\\Filament\\eDrahmi\\vendor\\laravel\\framework\\src\\Illuminate\\Container\\Util.php(43): Illuminate\\Container\\BoundMethod::Illuminate\\Container\\{closure}()
#22 C:\\Users\\appfi\\OneDrive\\Desktop\\Guiddini\\Filament\\eDrahmi\\vendor\\laravel\\framework\\src\\Illuminate\\Container\\BoundMethod.php(95): Illuminate\\Container\\Util::unwrapIfClosure(Object(Closure))
#23 C:\\Users\\appfi\\OneDrive\\Desktop\\Guiddini\\Filament\\eDrahmi\\vendor\\laravel\\framework\\src\\Illuminate\\Container\\BoundMethod.php(35): Illuminate\\Container\\BoundMethod::callBoundMethod(Object(Illuminate\\Foundation\\Application), Array, Object(Closure))
#24 C:\\Users\\appfi\\OneDrive\\Desktop\\Guiddini\\Filament\\eDrahmi\\vendor\\laravel\\framework\\src\\Illuminate\\Container\\Container.php(694): Illuminate\\Container\\BoundMethod::call(Object(Illuminate\\Foundation\\Application), Array, Array, NULL)
#25 C:\\Users\\appfi\\OneDrive\\Desktop\\Guiddini\\Filament\\eDrahmi\\vendor\\laravel\\framework\\src\\Illuminate\\Console\\Command.php(213): Illuminate\\Container\\Container->call(Array)
#26 C:\\Users\\appfi\\OneDrive\\Desktop\\Guiddini\\Filament\\eDrahmi\\vendor\\symfony\\console\\Command\\Command.php(279): Illuminate\\Console\\Command->execute(Object(Symfony\\Component\\Console\\Input\\ArgvInput), Object(Illuminate\\Console\\OutputStyle))
#27 C:\\Users\\appfi\\OneDrive\\Desktop\\Guiddini\\Filament\\eDrahmi\\vendor\\laravel\\framework\\src\\Illuminate\\Console\\Command.php(182): Symfony\\Component\\Console\\Command\\Command->run(Object(Symfony\\Component\\Console\\Input\\ArgvInput), Object(Illuminate\\Console\\OutputStyle))
#28 C:\\Users\\appfi\\OneDrive\\Desktop\\Guiddini\\Filament\\eDrahmi\\vendor\\symfony\\console\\Application.php(1094): Illuminate\\Console\\Command->run(Object(Symfony\\Component\\Console\\Input\\ArgvInput), Object(Symfony\\Component\\Console\\Output\\ConsoleOutput))
#29 C:\\Users\\appfi\\OneDrive\\Desktop\\Guiddini\\Filament\\eDrahmi\\vendor\\symfony\\console\\Application.php(342): Symfony\\Component\\Console\\Application->doRunCommand(Object(Illuminate\\Database\\Console\\Migrations\\MigrateCommand), Object(Symfony\\Component\\Console\\Input\\ArgvInput), Object(Symfony\\Component\\Console\\Output\\ConsoleOutput))
#30 C:\\Users\\appfi\\OneDrive\\Desktop\\Guiddini\\Filament\\eDrahmi\\vendor\\symfony\\console\\Application.php(193): Symfony\\Component\\Console\\Application->doRun(Object(Symfony\\Component\\Console\\Input\\ArgvInput), Object(Symfony\\Component\\Console\\Output\\ConsoleOutput))
#31 C:\\Users\\appfi\\OneDrive\\Desktop\\Guiddini\\Filament\\eDrahmi\\vendor\\laravel\\framework\\src\\Illuminate\\Foundation\\Console\\Kernel.php(198): Symfony\\Component\\Console\\Application->run(Object(Symfony\\Component\\Console\\Input\\ArgvInput), Object(Symfony\\Component\\Console\\Output\\ConsoleOutput))
#32 C:\\Users\\appfi\\OneDrive\\Desktop\\Guiddini\\Filament\\eDrahmi\\vendor\\laravel\\framework\\src\\Illuminate\\Foundation\\Application.php(1231): Illuminate\\Foundation\\Console\\Kernel->handle(Object(Symfony\\Component\\Console\\Input\\ArgvInput), Object(Symfony\\Component\\Console\\Output\\ConsoleOutput))
#33 C:\\Users\\appfi\\OneDrive\\Desktop\\Guiddini\\Filament\\eDrahmi\\artisan(13): Illuminate\\Foundation\\Application->handleCommand(Object(Symfony\\Component\\Console\\Input\\ArgvInput))
#34 {main}

[previous exception] [object] (PDOException(code: 42S02): SQLSTATE[42S02]: Base table or view not found: 1146 Table 'edrahmi.trasactions' doesn't exist at C:\\Users\\appfi\\OneDrive\\Desktop\\Guiddini\\Filament\\eDrahmi\\vendor\\laravel\\framework\\src\\Illuminate\\Database\\Connection.php:571)
[stacktrace]
#0 C:\\Users\\appfi\\OneDrive\\Desktop\\Guiddini\\Filament\\eDrahmi\\vendor\\laravel\\framework\\src\\Illuminate\\Database\\Connection.php(571): PDOStatement->execute()
#1 C:\\Users\\appfi\\OneDrive\\Desktop\\Guiddini\\Filament\\eDrahmi\\vendor\\laravel\\framework\\src\\Illuminate\\Database\\Connection.php(812): Illuminate\\Database\\Connection->Illuminate\\Database\\{closure}('alter table `tr...', Array)
#2 C:\\Users\\appfi\\OneDrive\\Desktop\\Guiddini\\Filament\\eDrahmi\\vendor\\laravel\\framework\\src\\Illuminate\\Database\\Connection.php(779): Illuminate\\Database\\Connection->runQueryCallback('alter table `tr...', Array, Object(Closure))
#3 C:\\Users\\appfi\\OneDrive\\Desktop\\Guiddini\\Filament\\eDrahmi\\vendor\\laravel\\framework\\src\\Illuminate\\Database\\Connection.php(560): Illuminate\\Database\\Connection->run('alter table `tr...', Array, Object(Closure))
#4 C:\\Users\\appfi\\OneDrive\\Desktop\\Guiddini\\Filament\\eDrahmi\\vendor\\laravel\\framework\\src\\Illuminate\\Database\\Schema\\Blueprint.php(118): Illuminate\\Database\\Connection->statement('alter table `tr...')
#5 C:\\Users\\appfi\\OneDrive\\Desktop\\Guiddini\\Filament\\eDrahmi\\vendor\\laravel\\framework\\src\\Illuminate\\Database\\Schema\\Builder.php(564): Illuminate\\Database\\Schema\\Blueprint->build(Object(Illuminate\\Database\\MySqlConnection), Object(Illuminate\\Database\\Schema\\Grammars\\MySqlGrammar))
#6 C:\\Users\\appfi\\OneDrive\\Desktop\\Guiddini\\Filament\\eDrahmi\\vendor\\laravel\\framework\\src\\Illuminate\\Database\\Schema\\Builder.php(406): Illuminate\\Database\\Schema\\Builder->build(Object(Illuminate\\Database\\Schema\\Blueprint))
#7 C:\\Users\\appfi\\OneDrive\\Desktop\\Guiddini\\Filament\\eDrahmi\\vendor\\laravel\\framework\\src\\Illuminate\\Support\\Facades\\Facade.php(361): Illuminate\\Database\\Schema\\Builder->table('trasactions', Object(Closure))
#8 C:\\Users\\appfi\\OneDrive\\Desktop\\Guiddini\\Filament\\eDrahmi\\database\\migrations\\2025_03_04_093247_add_columns_to_trasactions_table.php(14): Illuminate\\Support\\Facades\\Facade::__callStatic('table', Array)
#9 C:\\Users\\appfi\\OneDrive\\Desktop\\Guiddini\\Filament\\eDrahmi\\vendor\\laravel\\framework\\src\\Illuminate\\Database\\Migrations\\Migrator.php(484): Illuminate\\Database\\Migrations\\Migration@anonymous->up()
#10 C:\\Users\\appfi\\OneDrive\\Desktop\\Guiddini\\Filament\\eDrahmi\\vendor\\laravel\\framework\\src\\Illuminate\\Database\\Migrations\\Migrator.php(409): Illuminate\\Database\\Migrations\\Migrator->runMethod(Object(Illuminate\\Database\\MySqlConnection), Object(Illuminate\\Database\\Migrations\\Migration@anonymous), 'up')
#11 C:\\Users\\appfi\\OneDrive\\Desktop\\Guiddini\\Filament\\eDrahmi\\vendor\\laravel\\framework\\src\\Illuminate\\Database\\Migrations\\Migrator.php(418): Illuminate\\Database\\Migrations\\Migrator->Illuminate\\Database\\Migrations\\{closure}()
#12 C:\\Users\\appfi\\OneDrive\\Desktop\\Guiddini\\Filament\\eDrahmi\\vendor\\laravel\\framework\\src\\Illuminate\\Database\\Migrations\\Migrator.php(221): Illuminate\\Database\\Migrations\\Migrator->runMigration(Object(Illuminate\\Database\\Migrations\\Migration@anonymous), 'up')
#13 C:\\Users\\appfi\\OneDrive\\Desktop\\Guiddini\\Filament\\eDrahmi\\vendor\\laravel\\framework\\src\\Illuminate\\Console\\View\\Components\\Task.php(40): Illuminate\\Database\\Migrations\\Migrator->Illuminate\\Database\\Migrations\\{closure}()
#14 C:\\Users\\appfi\\OneDrive\\Desktop\\Guiddini\\Filament\\eDrahmi\\vendor\\laravel\\framework\\src\\Illuminate\\Database\\Migrations\\Migrator.php(764): Illuminate\\Console\\View\\Components\\Task->render('2025_03_04_0932...', Object(Closure))
#15 C:\\Users\\appfi\\OneDrive\\Desktop\\Guiddini\\Filament\\eDrahmi\\vendor\\laravel\\framework\\src\\Illuminate\\Database\\Migrations\\Migrator.php(221): Illuminate\\Database\\Migrations\\Migrator->write('Illuminate\\\\Cons...', '2025_03_04_0932...', Object(Closure))
#16 C:\\Users\\appfi\\OneDrive\\Desktop\\Guiddini\\Filament\\eDrahmi\\vendor\\laravel\\framework\\src\\Illuminate\\Database\\Migrations\\Migrator.php(188): Illuminate\\Database\\Migrations\\Migrator->runUp('C:\\\\Users\\\\appfi\\\\...', 5, false)
#17 C:\\Users\\appfi\\OneDrive\\Desktop\\Guiddini\\Filament\\eDrahmi\\vendor\\laravel\\framework\\src\\Illuminate\\Database\\Migrations\\Migrator.php(131): Illuminate\\Database\\Migrations\\Migrator->runPending(Array, Array)
#18 C:\\Users\\appfi\\OneDrive\\Desktop\\Guiddini\\Filament\\eDrahmi\\vendor\\laravel\\framework\\src\\Illuminate\\Database\\Console\\Migrations\\MigrateCommand.php(117): Illuminate\\Database\\Migrations\\Migrator->run(Array, Array)
#19 C:\\Users\\appfi\\OneDrive\\Desktop\\Guiddini\\Filament\\eDrahmi\\vendor\\laravel\\framework\\src\\Illuminate\\Database\\Migrations\\Migrator.php(624): Illuminate\\Database\\Console\\Migrations\\MigrateCommand->Illuminate\\Database\\Console\\Migrations\\{closure}()
#20 C:\\Users\\appfi\\OneDrive\\Desktop\\Guiddini\\Filament\\eDrahmi\\vendor\\laravel\\framework\\src\\Illuminate\\Database\\Console\\Migrations\\MigrateCommand.php(110): Illuminate\\Database\\Migrations\\Migrator->usingConnection(NULL, Object(Closure))
#21 C:\\Users\\appfi\\OneDrive\\Desktop\\Guiddini\\Filament\\eDrahmi\\vendor\\laravel\\framework\\src\\Illuminate\\Database\\Console\\Migrations\\MigrateCommand.php(89): Illuminate\\Database\\Console\\Migrations\\MigrateCommand->runMigrations()
#22 C:\\Users\\appfi\\OneDrive\\Desktop\\Guiddini\\Filament\\eDrahmi\\vendor\\laravel\\framework\\src\\Illuminate\\Container\\BoundMethod.php(36): Illuminate\\Database\\Console\\Migrations\\MigrateCommand->handle()
#23 C:\\Users\\appfi\\OneDrive\\Desktop\\Guiddini\\Filament\\eDrahmi\\vendor\\laravel\\framework\\src\\Illuminate\\Container\\Util.php(43): Illuminate\\Container\\BoundMethod::Illuminate\\Container\\{closure}()
#24 C:\\Users\\appfi\\OneDrive\\Desktop\\Guiddini\\Filament\\eDrahmi\\vendor\\laravel\\framework\\src\\Illuminate\\Container\\BoundMethod.php(95): Illuminate\\Container\\Util::unwrapIfClosure(Object(Closure))
#25 C:\\Users\\appfi\\OneDrive\\Desktop\\Guiddini\\Filament\\eDrahmi\\vendor\\laravel\\framework\\src\\Illuminate\\Container\\BoundMethod.php(35): Illuminate\\Container\\BoundMethod::callBoundMethod(Object(Illuminate\\Foundation\\Application), Array, Object(Closure))
#26 C:\\Users\\appfi\\OneDrive\\Desktop\\Guiddini\\Filament\\eDrahmi\\vendor\\laravel\\framework\\src\\Illuminate\\Container\\Container.php(694): Illuminate\\Container\\BoundMethod::call(Object(Illuminate\\Foundation\\Application), Array, Array, NULL)
#27 C:\\Users\\appfi\\OneDrive\\Desktop\\Guiddini\\Filament\\eDrahmi\\vendor\\laravel\\framework\\src\\Illuminate\\Console\\Command.php(213): Illuminate\\Container\\Container->call(Array)
#28 C:\\Users\\appfi\\OneDrive\\Desktop\\Guiddini\\Filament\\eDrahmi\\vendor\\symfony\\console\\Command\\Command.php(279): Illuminate\\Console\\Command->execute(Object(Symfony\\Component\\Console\\Input\\ArgvInput), Object(Illuminate\\Console\\OutputStyle))
#29 C:\\Users\\appfi\\OneDrive\\Desktop\\Guiddini\\Filament\\eDrahmi\\vendor\\laravel\\framework\\src\\Illuminate\\Console\\Command.php(182): Symfony\\Component\\Console\\Command\\Command->run(Object(Symfony\\Component\\Console\\Input\\ArgvInput), Object(Illuminate\\Console\\OutputStyle))
#30 C:\\Users\\appfi\\OneDrive\\Desktop\\Guiddini\\Filament\\eDrahmi\\vendor\\symfony\\console\\Application.php(1094): Illuminate\\Console\\Command->run(Object(Symfony\\Component\\Console\\Input\\ArgvInput), Object(Symfony\\Component\\Console\\Output\\ConsoleOutput))
#31 C:\\Users\\appfi\\OneDrive\\Desktop\\Guiddini\\Filament\\eDrahmi\\vendor\\symfony\\console\\Application.php(342): Symfony\\Component\\Console\\Application->doRunCommand(Object(Illuminate\\Database\\Console\\Migrations\\MigrateCommand), Object(Symfony\\Component\\Console\\Input\\ArgvInput), Object(Symfony\\Component\\Console\\Output\\ConsoleOutput))
#32 C:\\Users\\appfi\\OneDrive\\Desktop\\Guiddini\\Filament\\eDrahmi\\vendor\\symfony\\console\\Application.php(193): Symfony\\Component\\Console\\Application->doRun(Object(Symfony\\Component\\Console\\Input\\ArgvInput), Object(Symfony\\Component\\Console\\Output\\ConsoleOutput))
#33 C:\\Users\\appfi\\OneDrive\\Desktop\\Guiddini\\Filament\\eDrahmi\\vendor\\laravel\\framework\\src\\Illuminate\\Foundation\\Console\\Kernel.php(198): Symfony\\Component\\Console\\Application->run(Object(Symfony\\Component\\Console\\Input\\ArgvInput), Object(Symfony\\Component\\Console\\Output\\ConsoleOutput))
#34 C:\\Users\\appfi\\OneDrive\\Desktop\\Guiddini\\Filament\\eDrahmi\\vendor\\laravel\\framework\\src\\Illuminate\\Foundation\\Application.php(1231): Illuminate\\Foundation\\Console\\Kernel->handle(Object(Symfony\\Component\\Console\\Input\\ArgvInput), Object(Symfony\\Component\\Console\\Output\\ConsoleOutput))
#35 C:\\Users\\appfi\\OneDrive\\Desktop\\Guiddini\\Filament\\eDrahmi\\artisan(13): Illuminate\\Foundation\\Application->handleCommand(Object(Symfony\\Component\\Console\\Input\\ArgvInput))
#36 {main}
"} 
