[2025-02-27 08:40:01] local.ERROR: SQLSTATE[42S02]: Base table or view not found: 1146 Table 'edrahmi.transaction' doesn't exist (Connection: mysql, SQL: alter table `transaction` add `description` varchar(191) null) {"exception":"[object] (Illuminate\\Database\\QueryException(code: 42S02): SQLSTATE[42S02]: Base table or view not found: 1146 Table 'edrahmi.transaction' doesn't exist (Connection: mysql, SQL: alter table `transaction` add `description` varchar(191) null) at C:\\Users\\appfi\\OneDrive\\Desktop\\Guiddini\\Filament\\eDrahmi\\vendor\\laravel\\framework\\src\\Illuminate\\Database\\Connection.php:825)
[stacktrace]
#0 C:\\Users\\appfi\\OneDrive\\Desktop\\Guiddini\\Filament\\eDrahmi\\vendor\\laravel\\framework\\src\\Illuminate\\Database\\Connection.php(779): Illuminate\\Database\\Connection->runQueryCallback('alter table `tr...', Array, Object(Closure))
#1 C:\\Users\\appfi\\OneDrive\\Desktop\\Guiddini\\Filament\\eDrahmi\\vendor\\laravel\\framework\\src\\Illuminate\\Database\\Connection.php(560): Illuminate\\Database\\Connection->run('alter table `tr...', Array, Object(Closure))
#2 C:\\Users\\appfi\\OneDrive\\Desktop\\Guiddini\\Filament\\eDrahmi\\vendor\\laravel\\framework\\src\\Illuminate\\Database\\Schema\\Blueprint.php(118): Illuminate\\Database\\Connection->statement('alter table `tr...')
#3 C:\\Users\\appfi\\OneDrive\\Desktop\\Guiddini\\Filament\\eDrahmi\\vendor\\laravel\\framework\\src\\Illuminate\\Database\\Schema\\Builder.php(564): Illuminate\\Database\\Schema\\Blueprint->build(Object(Illuminate\\Database\\MySqlConnection), Object(Illuminate\\Database\\Schema\\Grammars\\MySqlGrammar))
#4 C:\\Users\\appfi\\OneDrive\\Desktop\\Guiddini\\Filament\\eDrahmi\\vendor\\laravel\\framework\\src\\Illuminate\\Database\\Schema\\Builder.php(406): Illuminate\\Database\\Schema\\Builder->build(Object(Illuminate\\Database\\Schema\\Blueprint))
#5 C:\\Users\\appfi\\OneDrive\\Desktop\\Guiddini\\Filament\\eDrahmi\\vendor\\laravel\\framework\\src\\Illuminate\\Support\\Facades\\Facade.php(361): Illuminate\\Database\\Schema\\Builder->table('transaction', Object(Closure))
#6 C:\\Users\\appfi\\OneDrive\\Desktop\\Guiddini\\Filament\\eDrahmi\\database\\migrations\\2025_02_27_083911_add_description_column_to_transaction_table.php(14): Illuminate\\Support\\Facades\\Facade::__callStatic('table', Array)
#7 C:\\Users\\appfi\\OneDrive\\Desktop\\Guiddini\\Filament\\eDrahmi\\vendor\\laravel\\framework\\src\\Illuminate\\Database\\Migrations\\Migrator.php(484): Illuminate\\Database\\Migrations\\Migration@anonymous->up()
#8 C:\\Users\\appfi\\OneDrive\\Desktop\\Guiddini\\Filament\\eDrahmi\\vendor\\laravel\\framework\\src\\Illuminate\\Database\\Migrations\\Migrator.php(409): Illuminate\\Database\\Migrations\\Migrator->runMethod(Object(Illuminate\\Database\\MySqlConnection), Object(Illuminate\\Database\\Migrations\\Migration@anonymous), 'up')
#9 C:\\Users\\appfi\\OneDrive\\Desktop\\Guiddini\\Filament\\eDrahmi\\vendor\\laravel\\framework\\src\\Illuminate\\Database\\Migrations\\Migrator.php(418): Illuminate\\Database\\Migrations\\Migrator->Illuminate\\Database\\Migrations\\{closure}()
#10 C:\\Users\\appfi\\OneDrive\\Desktop\\Guiddini\\Filament\\eDrahmi\\vendor\\laravel\\framework\\src\\Illuminate\\Database\\Migrations\\Migrator.php(221): Illuminate\\Database\\Migrations\\Migrator->runMigration(Object(Illuminate\\Database\\Migrations\\Migration@anonymous), 'up')
#11 C:\\Users\\appfi\\OneDrive\\Desktop\\Guiddini\\Filament\\eDrahmi\\vendor\\laravel\\framework\\src\\Illuminate\\Console\\View\\Components\\Task.php(40): Illuminate\\Database\\Migrations\\Migrator->Illuminate\\Database\\Migrations\\{closure}()
#12 C:\\Users\\appfi\\OneDrive\\Desktop\\Guiddini\\Filament\\eDrahmi\\vendor\\laravel\\framework\\src\\Illuminate\\Database\\Migrations\\Migrator.php(764): Illuminate\\Console\\View\\Components\\Task->render('2025_02_27_0839...', Object(Closure))
#13 C:\\Users\\appfi\\OneDrive\\Desktop\\Guiddini\\Filament\\eDrahmi\\vendor\\laravel\\framework\\src\\Illuminate\\Database\\Migrations\\Migrator.php(221): Illuminate\\Database\\Migrations\\Migrator->write('Illuminate\\\\Cons...', '2025_02_27_0839...', Object(Closure))
#14 C:\\Users\\appfi\\OneDrive\\Desktop\\Guiddini\\Filament\\eDrahmi\\vendor\\laravel\\framework\\src\\Illuminate\\Database\\Migrations\\Migrator.php(188): Illuminate\\Database\\Migrations\\Migrator->runUp('C:\\\\Users\\\\appfi\\\\...', 2, false)
#15 C:\\Users\\appfi\\OneDrive\\Desktop\\Guiddini\\Filament\\eDrahmi\\vendor\\laravel\\framework\\src\\Illuminate\\Database\\Migrations\\Migrator.php(131): Illuminate\\Database\\Migrations\\Migrator->runPending(Array, Array)
#16 C:\\Users\\appfi\\OneDrive\\Desktop\\Guiddini\\Filament\\eDrahmi\\vendor\\laravel\\framework\\src\\Illuminate\\Database\\Console\\Migrations\\MigrateCommand.php(117): Illuminate\\Database\\Migrations\\Migrator->run(Array, Array)
#17 C:\\Users\\appfi\\OneDrive\\Desktop\\Guiddini\\Filament\\eDrahmi\\vendor\\laravel\\framework\\src\\Illuminate\\Database\\Migrations\\Migrator.php(624): Illuminate\\Database\\Console\\Migrations\\MigrateCommand->Illuminate\\Database\\Console\\Migrations\\{closure}()
#18 C:\\Users\\appfi\\OneDrive\\Desktop\\Guiddini\\Filament\\eDrahmi\\vendor\\laravel\\framework\\src\\Illuminate\\Database\\Console\\Migrations\\MigrateCommand.php(110): Illuminate\\Database\\Migrations\\Migrator->usingConnection(NULL, Object(Closure))
#19 C:\\Users\\appfi\\OneDrive\\Desktop\\Guiddini\\Filament\\eDrahmi\\vendor\\laravel\\framework\\src\\Illuminate\\Database\\Console\\Migrations\\MigrateCommand.php(89): Illuminate\\Database\\Console\\Migrations\\MigrateCommand->runMigrations()
#20 C:\\Users\\appfi\\OneDrive\\Desktop\\Guiddini\\Filament\\eDrahmi\\vendor\\laravel\\framework\\src\\Illuminate\\Container\\BoundMethod.php(36): Illuminate\\Database\\Console\\Migrations\\MigrateCommand->handle()
#21 C:\\Users\\appfi\\OneDrive\\Desktop\\Guiddini\\Filament\\eDrahmi\\vendor\\laravel\\framework\\src\\Illuminate\\Container\\Util.php(43): Illuminate\\Container\\BoundMethod::Illuminate\\Container\\{closure}()
#22 C:\\Users\\appfi\\OneDrive\\Desktop\\Guiddini\\Filament\\eDrahmi\\vendor\\laravel\\framework\\src\\Illuminate\\Container\\BoundMethod.php(95): Illuminate\\Container\\Util::unwrapIfClosure(Object(Closure))
#23 C:\\Users\\appfi\\OneDrive\\Desktop\\Guiddini\\Filament\\eDrahmi\\vendor\\laravel\\framework\\src\\Illuminate\\Container\\BoundMethod.php(35): Illuminate\\Container\\BoundMethod::callBoundMethod(Object(Illuminate\\Foundation\\Application), Array, Object(Closure))
#24 C:\\Users\\appfi\\OneDrive\\Desktop\\Guiddini\\Filament\\eDrahmi\\vendor\\laravel\\framework\\src\\Illuminate\\Container\\Container.php(694): Illuminate\\Container\\BoundMethod::call(Object(Illuminate\\Foundation\\Application), Array, Array, NULL)
#25 C:\\Users\\appfi\\OneDrive\\Desktop\\Guiddini\\Filament\\eDrahmi\\vendor\\laravel\\framework\\src\\Illuminate\\Console\\Command.php(213): Illuminate\\Container\\Container->call(Array)
#26 C:\\Users\\appfi\\OneDrive\\Desktop\\Guiddini\\Filament\\eDrahmi\\vendor\\symfony\\console\\Command\\Command.php(279): Illuminate\\Console\\Command->execute(Object(Symfony\\Component\\Console\\Input\\ArgvInput), Object(Illuminate\\Console\\OutputStyle))
#27 C:\\Users\\appfi\\OneDrive\\Desktop\\Guiddini\\Filament\\eDrahmi\\vendor\\laravel\\framework\\src\\Illuminate\\Console\\Command.php(182): Symfony\\Component\\Console\\Command\\Command->run(Object(Symfony\\Component\\Console\\Input\\ArgvInput), Object(Illuminate\\Console\\OutputStyle))
#28 C:\\Users\\appfi\\OneDrive\\Desktop\\Guiddini\\Filament\\eDrahmi\\vendor\\symfony\\console\\Application.php(1094): Illuminate\\Console\\Command->run(Object(Symfony\\Component\\Console\\Input\\ArgvInput), Object(Symfony\\Component\\Console\\Output\\ConsoleOutput))
#29 C:\\Users\\appfi\\OneDrive\\Desktop\\Guiddini\\Filament\\eDrahmi\\vendor\\symfony\\console\\Application.php(342): Symfony\\Component\\Console\\Application->doRunCommand(Object(Illuminate\\Database\\Console\\Migrations\\MigrateCommand), Object(Symfony\\Component\\Console\\Input\\ArgvInput), Object(Symfony\\Component\\Console\\Output\\ConsoleOutput))
#30 C:\\Users\\appfi\\OneDrive\\Desktop\\Guiddini\\Filament\\eDrahmi\\vendor\\symfony\\console\\Application.php(193): Symfony\\Component\\Console\\Application->doRun(Object(Symfony\\Component\\Console\\Input\\ArgvInput), Object(Symfony\\Component\\Console\\Output\\ConsoleOutput))
#31 C:\\Users\\appfi\\OneDrive\\Desktop\\Guiddini\\Filament\\eDrahmi\\vendor\\laravel\\framework\\src\\Illuminate\\Foundation\\Console\\Kernel.php(198): Symfony\\Component\\Console\\Application->run(Object(Symfony\\Component\\Console\\Input\\ArgvInput), Object(Symfony\\Component\\Console\\Output\\ConsoleOutput))
#32 C:\\Users\\appfi\\OneDrive\\Desktop\\Guiddini\\Filament\\eDrahmi\\vendor\\laravel\\framework\\src\\Illuminate\\Foundation\\Application.php(1231): Illuminate\\Foundation\\Console\\Kernel->handle(Object(Symfony\\Component\\Console\\Input\\ArgvInput), Object(Symfony\\Component\\Console\\Output\\ConsoleOutput))
#33 C:\\Users\\appfi\\OneDrive\\Desktop\\Guiddini\\Filament\\eDrahmi\\artisan(13): Illuminate\\Foundation\\Application->handleCommand(Object(Symfony\\Component\\Console\\Input\\ArgvInput))
#34 {main}

[previous exception] [object] (PDOException(code: 42S02): SQLSTATE[42S02]: Base table or view not found: 1146 Table 'edrahmi.transaction' doesn't exist at C:\\Users\\appfi\\OneDrive\\Desktop\\Guiddini\\Filament\\eDrahmi\\vendor\\laravel\\framework\\src\\Illuminate\\Database\\Connection.php:571)
[stacktrace]
#0 C:\\Users\\appfi\\OneDrive\\Desktop\\Guiddini\\Filament\\eDrahmi\\vendor\\laravel\\framework\\src\\Illuminate\\Database\\Connection.php(571): PDOStatement->execute()
#1 C:\\Users\\appfi\\OneDrive\\Desktop\\Guiddini\\Filament\\eDrahmi\\vendor\\laravel\\framework\\src\\Illuminate\\Database\\Connection.php(812): Illuminate\\Database\\Connection->Illuminate\\Database\\{closure}('alter table `tr...', Array)
#2 C:\\Users\\appfi\\OneDrive\\Desktop\\Guiddini\\Filament\\eDrahmi\\vendor\\laravel\\framework\\src\\Illuminate\\Database\\Connection.php(779): Illuminate\\Database\\Connection->runQueryCallback('alter table `tr...', Array, Object(Closure))
#3 C:\\Users\\appfi\\OneDrive\\Desktop\\Guiddini\\Filament\\eDrahmi\\vendor\\laravel\\framework\\src\\Illuminate\\Database\\Connection.php(560): Illuminate\\Database\\Connection->run('alter table `tr...', Array, Object(Closure))
#4 C:\\Users\\appfi\\OneDrive\\Desktop\\Guiddini\\Filament\\eDrahmi\\vendor\\laravel\\framework\\src\\Illuminate\\Database\\Schema\\Blueprint.php(118): Illuminate\\Database\\Connection->statement('alter table `tr...')
#5 C:\\Users\\appfi\\OneDrive\\Desktop\\Guiddini\\Filament\\eDrahmi\\vendor\\laravel\\framework\\src\\Illuminate\\Database\\Schema\\Builder.php(564): Illuminate\\Database\\Schema\\Blueprint->build(Object(Illuminate\\Database\\MySqlConnection), Object(Illuminate\\Database\\Schema\\Grammars\\MySqlGrammar))
#6 C:\\Users\\appfi\\OneDrive\\Desktop\\Guiddini\\Filament\\eDrahmi\\vendor\\laravel\\framework\\src\\Illuminate\\Database\\Schema\\Builder.php(406): Illuminate\\Database\\Schema\\Builder->build(Object(Illuminate\\Database\\Schema\\Blueprint))
#7 C:\\Users\\appfi\\OneDrive\\Desktop\\Guiddini\\Filament\\eDrahmi\\vendor\\laravel\\framework\\src\\Illuminate\\Support\\Facades\\Facade.php(361): Illuminate\\Database\\Schema\\Builder->table('transaction', Object(Closure))
#8 C:\\Users\\appfi\\OneDrive\\Desktop\\Guiddini\\Filament\\eDrahmi\\database\\migrations\\2025_02_27_083911_add_description_column_to_transaction_table.php(14): Illuminate\\Support\\Facades\\Facade::__callStatic('table', Array)
#9 C:\\Users\\appfi\\OneDrive\\Desktop\\Guiddini\\Filament\\eDrahmi\\vendor\\laravel\\framework\\src\\Illuminate\\Database\\Migrations\\Migrator.php(484): Illuminate\\Database\\Migrations\\Migration@anonymous->up()
#10 C:\\Users\\appfi\\OneDrive\\Desktop\\Guiddini\\Filament\\eDrahmi\\vendor\\laravel\\framework\\src\\Illuminate\\Database\\Migrations\\Migrator.php(409): Illuminate\\Database\\Migrations\\Migrator->runMethod(Object(Illuminate\\Database\\MySqlConnection), Object(Illuminate\\Database\\Migrations\\Migration@anonymous), 'up')
#11 C:\\Users\\appfi\\OneDrive\\Desktop\\Guiddini\\Filament\\eDrahmi\\vendor\\laravel\\framework\\src\\Illuminate\\Database\\Migrations\\Migrator.php(418): Illuminate\\Database\\Migrations\\Migrator->Illuminate\\Database\\Migrations\\{closure}()
#12 C:\\Users\\appfi\\OneDrive\\Desktop\\Guiddini\\Filament\\eDrahmi\\vendor\\laravel\\framework\\src\\Illuminate\\Database\\Migrations\\Migrator.php(221): Illuminate\\Database\\Migrations\\Migrator->runMigration(Object(Illuminate\\Database\\Migrations\\Migration@anonymous), 'up')
#13 C:\\Users\\appfi\\OneDrive\\Desktop\\Guiddini\\Filament\\eDrahmi\\vendor\\laravel\\framework\\src\\Illuminate\\Console\\View\\Components\\Task.php(40): Illuminate\\Database\\Migrations\\Migrator->Illuminate\\Database\\Migrations\\{closure}()
#14 C:\\Users\\appfi\\OneDrive\\Desktop\\Guiddini\\Filament\\eDrahmi\\vendor\\laravel\\framework\\src\\Illuminate\\Database\\Migrations\\Migrator.php(764): Illuminate\\Console\\View\\Components\\Task->render('2025_02_27_0839...', Object(Closure))
#15 C:\\Users\\appfi\\OneDrive\\Desktop\\Guiddini\\Filament\\eDrahmi\\vendor\\laravel\\framework\\src\\Illuminate\\Database\\Migrations\\Migrator.php(221): Illuminate\\Database\\Migrations\\Migrator->write('Illuminate\\\\Cons...', '2025_02_27_0839...', Object(Closure))
#16 C:\\Users\\appfi\\OneDrive\\Desktop\\Guiddini\\Filament\\eDrahmi\\vendor\\laravel\\framework\\src\\Illuminate\\Database\\Migrations\\Migrator.php(188): Illuminate\\Database\\Migrations\\Migrator->runUp('C:\\\\Users\\\\appfi\\\\...', 2, false)
#17 C:\\Users\\appfi\\OneDrive\\Desktop\\Guiddini\\Filament\\eDrahmi\\vendor\\laravel\\framework\\src\\Illuminate\\Database\\Migrations\\Migrator.php(131): Illuminate\\Database\\Migrations\\Migrator->runPending(Array, Array)
#18 C:\\Users\\appfi\\OneDrive\\Desktop\\Guiddini\\Filament\\eDrahmi\\vendor\\laravel\\framework\\src\\Illuminate\\Database\\Console\\Migrations\\MigrateCommand.php(117): Illuminate\\Database\\Migrations\\Migrator->run(Array, Array)
#19 C:\\Users\\appfi\\OneDrive\\Desktop\\Guiddini\\Filament\\eDrahmi\\vendor\\laravel\\framework\\src\\Illuminate\\Database\\Migrations\\Migrator.php(624): Illuminate\\Database\\Console\\Migrations\\MigrateCommand->Illuminate\\Database\\Console\\Migrations\\{closure}()
#20 C:\\Users\\appfi\\OneDrive\\Desktop\\Guiddini\\Filament\\eDrahmi\\vendor\\laravel\\framework\\src\\Illuminate\\Database\\Console\\Migrations\\MigrateCommand.php(110): Illuminate\\Database\\Migrations\\Migrator->usingConnection(NULL, Object(Closure))
#21 C:\\Users\\appfi\\OneDrive\\Desktop\\Guiddini\\Filament\\eDrahmi\\vendor\\laravel\\framework\\src\\Illuminate\\Database\\Console\\Migrations\\MigrateCommand.php(89): Illuminate\\Database\\Console\\Migrations\\MigrateCommand->runMigrations()
#22 C:\\Users\\appfi\\OneDrive\\Desktop\\Guiddini\\Filament\\eDrahmi\\vendor\\laravel\\framework\\src\\Illuminate\\Container\\BoundMethod.php(36): Illuminate\\Database\\Console\\Migrations\\MigrateCommand->handle()
#23 C:\\Users\\appfi\\OneDrive\\Desktop\\Guiddini\\Filament\\eDrahmi\\vendor\\laravel\\framework\\src\\Illuminate\\Container\\Util.php(43): Illuminate\\Container\\BoundMethod::Illuminate\\Container\\{closure}()
#24 C:\\Users\\appfi\\OneDrive\\Desktop\\Guiddini\\Filament\\eDrahmi\\vendor\\laravel\\framework\\src\\Illuminate\\Container\\BoundMethod.php(95): Illuminate\\Container\\Util::unwrapIfClosure(Object(Closure))
#25 C:\\Users\\appfi\\OneDrive\\Desktop\\Guiddini\\Filament\\eDrahmi\\vendor\\laravel\\framework\\src\\Illuminate\\Container\\BoundMethod.php(35): Illuminate\\Container\\BoundMethod::callBoundMethod(Object(Illuminate\\Foundation\\Application), Array, Object(Closure))
#26 C:\\Users\\appfi\\OneDrive\\Desktop\\Guiddini\\Filament\\eDrahmi\\vendor\\laravel\\framework\\src\\Illuminate\\Container\\Container.php(694): Illuminate\\Container\\BoundMethod::call(Object(Illuminate\\Foundation\\Application), Array, Array, NULL)
#27 C:\\Users\\appfi\\OneDrive\\Desktop\\Guiddini\\Filament\\eDrahmi\\vendor\\laravel\\framework\\src\\Illuminate\\Console\\Command.php(213): Illuminate\\Container\\Container->call(Array)
#28 C:\\Users\\appfi\\OneDrive\\Desktop\\Guiddini\\Filament\\eDrahmi\\vendor\\symfony\\console\\Command\\Command.php(279): Illuminate\\Console\\Command->execute(Object(Symfony\\Component\\Console\\Input\\ArgvInput), Object(Illuminate\\Console\\OutputStyle))
#29 C:\\Users\\appfi\\OneDrive\\Desktop\\Guiddini\\Filament\\eDrahmi\\vendor\\laravel\\framework\\src\\Illuminate\\Console\\Command.php(182): Symfony\\Component\\Console\\Command\\Command->run(Object(Symfony\\Component\\Console\\Input\\ArgvInput), Object(Illuminate\\Console\\OutputStyle))
#30 C:\\Users\\appfi\\OneDrive\\Desktop\\Guiddini\\Filament\\eDrahmi\\vendor\\symfony\\console\\Application.php(1094): Illuminate\\Console\\Command->run(Object(Symfony\\Component\\Console\\Input\\ArgvInput), Object(Symfony\\Component\\Console\\Output\\ConsoleOutput))
#31 C:\\Users\\appfi\\OneDrive\\Desktop\\Guiddini\\Filament\\eDrahmi\\vendor\\symfony\\console\\Application.php(342): Symfony\\Component\\Console\\Application->doRunCommand(Object(Illuminate\\Database\\Console\\Migrations\\MigrateCommand), Object(Symfony\\Component\\Console\\Input\\ArgvInput), Object(Symfony\\Component\\Console\\Output\\ConsoleOutput))
#32 C:\\Users\\appfi\\OneDrive\\Desktop\\Guiddini\\Filament\\eDrahmi\\vendor\\symfony\\console\\Application.php(193): Symfony\\Component\\Console\\Application->doRun(Object(Symfony\\Component\\Console\\Input\\ArgvInput), Object(Symfony\\Component\\Console\\Output\\ConsoleOutput))
#33 C:\\Users\\appfi\\OneDrive\\Desktop\\Guiddini\\Filament\\eDrahmi\\vendor\\laravel\\framework\\src\\Illuminate\\Foundation\\Console\\Kernel.php(198): Symfony\\Component\\Console\\Application->run(Object(Symfony\\Component\\Console\\Input\\ArgvInput), Object(Symfony\\Component\\Console\\Output\\ConsoleOutput))
#34 C:\\Users\\appfi\\OneDrive\\Desktop\\Guiddini\\Filament\\eDrahmi\\vendor\\laravel\\framework\\src\\Illuminate\\Foundation\\Application.php(1231): Illuminate\\Foundation\\Console\\Kernel->handle(Object(Symfony\\Component\\Console\\Input\\ArgvInput), Object(Symfony\\Component\\Console\\Output\\ConsoleOutput))
#35 C:\\Users\\appfi\\OneDrive\\Desktop\\Guiddini\\Filament\\eDrahmi\\artisan(13): Illuminate\\Foundation\\Application->handleCommand(Object(Symfony\\Component\\Console\\Input\\ArgvInput))
#36 {main}
"} 
